\BOOKMARK [0][-]{section*.6}{\376\377\000A\000c\000k\000n\000o\000w\000l\000e\000d\000g\000e\000m\000e\000n\000t\000s}{}% 1
\BOOKMARK [0][-]{section*.8}{\376\377\000A\000b\000s\000t\000r\000a\000c\000t}{}% 2
\BOOKMARK [0][-]{section*.11}{\376\377\000L\000i\000s\000t\000\040\000o\000f\000\040\000T\000a\000b\000l\000e\000s}{}% 3
\BOOKMARK [0][-]{section*.12}{\376\377\000L\000i\000s\000t\000\040\000o\000f\000\040\000F\000i\000g\000u\000r\000e\000s}{}% 4
\BOOKMARK [0][-]{section*.12}{\376\377\000A\000b\000b\000r\000e\000v\000i\000a\000t\000i\000o\000n\000s}{}% 5
\BOOKMARK [0][-]{chapter.1}{\376\377\000I\000n\000t\000r\000o\000d\000u\000c\000t\000i\000o\000n}{}% 6
\BOOKMARK [1][-]{section.1.1}{\376\377\000B\000a\000c\000k\000g\000r\000o\000u\000n\000d\000\040\000a\000n\000d\000\040\000M\000o\000t\000i\000v\000a\000t\000i\000o\000n}{chapter.1}% 7
\BOOKMARK [1][-]{section.1.2}{\376\377\000P\000r\000o\000b\000l\000e\000m\000\040\000S\000t\000a\000t\000e\000m\000e\000n\000t}{chapter.1}% 8
\BOOKMARK [1][-]{section.1.3}{\376\377\000O\000b\000j\000e\000c\000t\000i\000v\000e\000s}{chapter.1}% 9
\BOOKMARK [1][-]{section.1.4}{\376\377\000S\000c\000o\000p\000e\000\040\000a\000n\000d\000\040\000A\000s\000s\000u\000m\000p\000t\000i\000o\000n\000s}{chapter.1}% 10
\BOOKMARK [2][-]{subsection.1.4.1}{\376\377\000S\000c\000o\000p\000e}{section.1.4}% 11
\BOOKMARK [2][-]{subsection.1.4.2}{\376\377\000A\000s\000s\000u\000m\000p\000t\000i\000o\000n\000s}{section.1.4}% 12
\BOOKMARK [1][-]{section.1.5}{\376\377\000O\000r\000g\000a\000n\000i\000s\000a\000t\000i\000o\000n\000\040\000o\000f\000\040\000t\000h\000e\000\040\000R\000e\000p\000o\000r\000t}{chapter.1}% 13
\BOOKMARK [0][-]{chapter.2}{\376\377\000L\000i\000t\000e\000r\000a\000t\000u\000r\000e\000\040\000S\000u\000r\000v\000e\000y}{}% 14
\BOOKMARK [1][-]{section.2.1}{\376\377\000D\000e\000f\000i\000n\000i\000t\000i\000o\000n\000s\000\040\000a\000n\000d\000\040\000I\000m\000p\000o\000r\000t\000a\000n\000c\000e\000\040\000o\000f\000\040\000C\000h\000u\000r\000n}{chapter.2}% 15
\BOOKMARK [1][-]{section.2.2}{\376\377\000T\000r\000a\000d\000i\000t\000i\000o\000n\000a\000l\000\040\000M\000a\000c\000h\000i\000n\000e\000\040\000L\000e\000a\000r\000n\000i\000n\000g\000\040\000M\000o\000d\000e\000l\000s}{chapter.2}% 16
\BOOKMARK [2][-]{subsection.2.2.1}{\376\377\000L\000o\000g\000i\000s\000t\000i\000c\000\040\000R\000e\000g\000r\000e\000s\000s\000i\000o\000n}{section.2.2}% 17
\BOOKMARK [2][-]{subsection.2.2.2}{\376\377\000D\000e\000c\000i\000s\000i\000o\000n\000\040\000T\000r\000e\000e\000s}{section.2.2}% 18
\BOOKMARK [2][-]{subsection.2.2.3}{\376\377\000S\000u\000p\000p\000o\000r\000t\000\040\000V\000e\000c\000t\000o\000r\000\040\000M\000a\000c\000h\000i\000n\000e\000s}{section.2.2}% 19
\BOOKMARK [1][-]{section.2.3}{\376\377\000E\000n\000s\000e\000m\000b\000l\000e\000\040\000a\000n\000d\000\040\000B\000o\000o\000s\000t\000i\000n\000g\000\040\000M\000e\000t\000h\000o\000d\000s}{chapter.2}% 20
\BOOKMARK [2][-]{subsection.2.3.1}{\376\377\000R\000a\000n\000d\000o\000m\000\040\000F\000o\000r\000e\000s\000t}{section.2.3}% 21
\BOOKMARK [2][-]{subsection.2.3.2}{\376\377\000G\000r\000a\000d\000i\000e\000n\000t\000\040\000B\000o\000o\000s\000t\000i\000n\000g\000\040\000M\000a\000c\000h\000i\000n\000e\000s}{section.2.3}% 22
\BOOKMARK [2][-]{subsection.2.3.3}{\376\377\000X\000G\000B\000o\000o\000s\000t}{section.2.3}% 23
\BOOKMARK [2][-]{subsection.2.3.4}{\376\377\000L\000i\000g\000h\000t\000G\000B\000M}{section.2.3}% 24
\BOOKMARK [1][-]{section.2.4}{\376\377\000N\000e\000u\000r\000a\000l\000\040\000N\000e\000t\000w\000o\000r\000k\000s\000\040\000a\000n\000d\000\040\000D\000e\000e\000p\000\040\000L\000e\000a\000r\000n\000i\000n\000g}{chapter.2}% 25
\BOOKMARK [2][-]{subsection.2.4.1}{\376\377\000M\000u\000l\000t\000i\000-\000L\000a\000y\000e\000r\000\040\000P\000e\000r\000c\000e\000p\000t\000r\000o\000n\000s}{section.2.4}% 26
\BOOKMARK [2][-]{subsection.2.4.2}{\376\377\000R\000e\000c\000u\000r\000r\000e\000n\000t\000\040\000N\000e\000u\000r\000a\000l\000\040\000N\000e\000t\000w\000o\000r\000k\000s}{section.2.4}% 27
\BOOKMARK [2][-]{subsection.2.4.3}{\376\377\000A\000t\000t\000e\000n\000t\000i\000o\000n\000\040\000M\000e\000c\000h\000a\000n\000i\000s\000m\000s\000\040\000a\000n\000d\000\040\000T\000r\000a\000n\000s\000f\000o\000r\000m\000e\000r\000s}{section.2.4}% 28
\BOOKMARK [1][-]{section.2.5}{\376\377\000H\000a\000n\000d\000l\000i\000n\000g\000\040\000C\000l\000a\000s\000s\000\040\000I\000m\000b\000a\000l\000a\000n\000c\000e}{chapter.2}% 29
\BOOKMARK [2][-]{subsection.2.5.1}{\376\377\000R\000e\000s\000a\000m\000p\000l\000i\000n\000g\000\040\000S\000t\000r\000a\000t\000e\000g\000i\000e\000s}{section.2.5}% 30
\BOOKMARK [2][-]{subsection.2.5.2}{\376\377\000C\000o\000s\000t\000-\000S\000e\000n\000s\000i\000t\000i\000v\000e\000\040\000L\000e\000a\000r\000n\000i\000n\000g}{section.2.5}% 31
\BOOKMARK [1][-]{section.2.6}{\376\377\000F\000e\000a\000t\000u\000r\000e\000\040\000E\000n\000g\000i\000n\000e\000e\000r\000i\000n\000g\000\040\000S\000t\000r\000a\000t\000e\000g\000i\000e\000s}{chapter.2}% 32
\BOOKMARK [1][-]{section.2.7}{\376\377\000E\000v\000a\000l\000u\000a\000t\000i\000o\000n\000\040\000M\000e\000t\000r\000i\000c\000s}{chapter.2}% 33
\BOOKMARK [1][-]{section.2.8}{\376\377\000E\000x\000p\000l\000a\000i\000n\000a\000b\000i\000l\000i\000t\000y\000\040\000a\000n\000d\000\040\000I\000n\000t\000e\000r\000p\000r\000e\000t\000a\000b\000l\000e\000\040\000A\000I}{chapter.2}% 34
\BOOKMARK [1][-]{section.2.9}{\376\377\000S\000u\000m\000m\000a\000r\000y}{chapter.2}% 35
\BOOKMARK [0][-]{chapter.3}{\376\377\000S\000y\000s\000t\000e\000m\000\040\000A\000n\000a\000l\000y\000s\000i\000s}{}% 36
\BOOKMARK [1][-]{section.3.1}{\376\377\000E\000x\000i\000s\000t\000i\000n\000g\000\040\000S\000y\000s\000t\000e\000m\000s\000\040\000a\000n\000d\000\040\000L\000i\000m\000i\000t\000a\000t\000i\000o\000n\000s}{chapter.3}% 37
\BOOKMARK [2][-]{subsection.3.1.1}{\376\377\000R\000u\000l\000e\000-\000B\000a\000s\000e\000d\000\040\000T\000h\000r\000e\000s\000h\000o\000l\000d\000\040\000S\000y\000s\000t\000e\000m\000s}{section.3.1}% 38
\BOOKMARK [2][-]{subsection.3.1.2}{\376\377\000T\000r\000a\000d\000i\000t\000i\000o\000n\000a\000l\000\040\000L\000o\000g\000i\000s\000t\000i\000c\000\040\000R\000e\000g\000r\000e\000s\000s\000i\000o\000n\000\040\000S\000c\000o\000r\000e\000c\000a\000r\000d\000s}{section.3.1}% 39
\BOOKMARK [2][-]{subsection.3.1.3}{\376\377\000P\000e\000r\000i\000o\000d\000i\000c\000\040\000B\000a\000t\000c\000h\000\040\000S\000c\000o\000r\000i\000n\000g\000\040\000W\000i\000t\000h\000o\000u\000t\000\040\000R\000e\000t\000r\000a\000i\000n\000i\000n\000g}{section.3.1}% 40
\BOOKMARK [2][-]{subsection.3.1.4}{\376\377\000S\000u\000m\000m\000a\000r\000y\000\040\000o\000f\000\040\000E\000x\000i\000s\000t\000i\000n\000g\000\040\000S\000y\000s\000t\000e\000m\000\040\000L\000i\000m\000i\000t\000a\000t\000i\000o\000n\000s}{section.3.1}% 41
\BOOKMARK [1][-]{section.3.2}{\376\377\000P\000r\000o\000p\000o\000s\000e\000d\000\040\000S\000y\000s\000t\000e\000m\000\040\000O\000v\000e\000r\000v\000i\000e\000w}{chapter.3}% 42
\BOOKMARK [1][-]{section.3.3}{\376\377\000D\000a\000t\000a\000s\000e\000t\000\040\000S\000p\000e\000c\000i\000f\000i\000c\000a\000t\000i\000o\000n}{chapter.3}% 43
\BOOKMARK [1][-]{section.3.4}{\376\377\000D\000a\000t\000a\000\040\000P\000r\000e\000p\000r\000o\000c\000e\000s\000s\000i\000n\000g\000\040\000P\000i\000p\000e\000l\000i\000n\000e}{chapter.3}% 44
\BOOKMARK [2][-]{subsection.3.4.1}{\376\377\000M\000i\000s\000s\000i\000n\000g\000\040\000V\000a\000l\000u\000e\000\040\000I\000m\000p\000u\000t\000a\000t\000i\000o\000n}{section.3.4}% 45
\BOOKMARK [2][-]{subsection.3.4.2}{\376\377\000O\000u\000t\000l\000i\000e\000r\000\040\000T\000r\000e\000a\000t\000m\000e\000n\000t}{section.3.4}% 46
\BOOKMARK [2][-]{subsection.3.4.3}{\376\377\000C\000a\000t\000e\000g\000o\000r\000i\000c\000a\000l\000\040\000E\000n\000c\000o\000d\000i\000n\000g}{section.3.4}% 47
\BOOKMARK [2][-]{subsection.3.4.4}{\376\377\000N\000o\000r\000m\000a\000l\000i\000s\000a\000t\000i\000o\000n}{section.3.4}% 48
\BOOKMARK [1][-]{section.3.5}{\376\377\000F\000e\000a\000t\000u\000r\000e\000\040\000E\000n\000g\000i\000n\000e\000e\000r\000i\000n\000g\000\040\000A\000p\000p\000r\000o\000a\000c\000h}{chapter.3}% 49
\BOOKMARK [2][-]{subsection.3.5.1}{\376\377\000R\000F\000M\000\040\000M\000e\000t\000r\000i\000c\000s}{section.3.5}% 50
\BOOKMARK [2][-]{subsection.3.5.2}{\376\377\000R\000o\000l\000l\000i\000n\000g\000-\000W\000i\000n\000d\000o\000w\000\040\000S\000t\000a\000t\000i\000s\000t\000i\000c\000s}{section.3.5}% 51
\BOOKMARK [2][-]{subsection.3.5.3}{\376\377\000R\000a\000t\000i\000o\000\040\000a\000n\000d\000\040\000I\000n\000t\000e\000r\000a\000c\000t\000i\000o\000n\000\040\000F\000e\000a\000t\000u\000r\000e\000s}{section.3.5}% 52
\BOOKMARK [2][-]{subsection.3.5.4}{\376\377\000T\000i\000m\000e\000-\000B\000a\000s\000e\000d\000\040\000F\000e\000a\000t\000u\000r\000e\000s}{section.3.5}% 53
\BOOKMARK [0][-]{chapter.4}{\376\377\000S\000y\000s\000t\000e\000m\000\040\000D\000e\000s\000i\000g\000n}{}% 54
\BOOKMARK [1][-]{section.4.1}{\376\377\000S\000y\000s\000t\000e\000m\000\040\000A\000r\000c\000h\000i\000t\000e\000c\000t\000u\000r\000e}{chapter.4}% 55
\BOOKMARK [1][-]{section.4.2}{\376\377\000D\000a\000t\000a\000\040\000F\000l\000o\000w\000\040\000D\000i\000a\000g\000r\000a\000m\000s}{chapter.4}% 56
\BOOKMARK [2][-]{subsection.4.2.1}{\376\377\000L\000e\000v\000e\000l\000\040\0000\000\040\040\023\000\040\000C\000o\000n\000t\000e\000x\000t\000\040\000D\000i\000a\000g\000r\000a\000m}{section.4.2}% 57
\BOOKMARK [2][-]{subsection.4.2.2}{\376\377\000L\000e\000v\000e\000l\000\040\0001\000\040\040\023\000\040\000D\000e\000t\000a\000i\000l\000e\000d\000\040\000D\000a\000t\000a\000\040\000F\000l\000o\000w}{section.4.2}% 58
\BOOKMARK [1][-]{section.4.3}{\376\377\000U\000M\000L\000\040\000C\000l\000a\000s\000s\000\040\000D\000i\000a\000g\000r\000a\000m}{chapter.4}% 59
\BOOKMARK [1][-]{section.4.4}{\376\377\000U\000M\000L\000\040\000S\000e\000q\000u\000e\000n\000c\000e\000\040\000D\000i\000a\000g\000r\000a\000m}{chapter.4}% 60
\BOOKMARK [1][-]{section.4.5}{\376\377\000U\000M\000L\000\040\000A\000c\000t\000i\000v\000i\000t\000y\000\040\000D\000i\000a\000g\000r\000a\000m}{chapter.4}% 61
\BOOKMARK [1][-]{section.4.6}{\376\377\000S\000y\000s\000t\000e\000m\000\040\000D\000e\000p\000l\000o\000y\000m\000e\000n\000t\000\040\000D\000i\000a\000g\000r\000a\000m}{chapter.4}% 62
\BOOKMARK [0][-]{chapter.5}{\376\377\000S\000y\000s\000t\000e\000m\000\040\000I\000m\000p\000l\000e\000m\000e\000n\000t\000a\000t\000i\000o\000n}{}% 63
\BOOKMARK [1][-]{section.5.1}{\376\377\000T\000e\000c\000h\000n\000o\000l\000o\000g\000i\000e\000s\000\040\000a\000n\000d\000\040\000T\000o\000o\000l\000s\000\040\000S\000t\000a\000c\000k}{chapter.5}% 64
\BOOKMARK [1][-]{section.5.2}{\376\377\000D\000a\000t\000a\000\040\000L\000o\000a\000d\000i\000n\000g\000\040\000a\000n\000d\000\040\000P\000r\000e\000p\000r\000o\000c\000e\000s\000s\000i\000n\000g}{chapter.5}% 65
\BOOKMARK [1][-]{section.5.3}{\376\377\000F\000e\000a\000t\000u\000r\000e\000\040\000E\000n\000g\000i\000n\000e\000e\000r\000i\000n\000g\000\040\000I\000m\000p\000l\000e\000m\000e\000n\000t\000a\000t\000i\000o\000n}{chapter.5}% 66
\BOOKMARK [1][-]{section.5.4}{\376\377\000M\000o\000d\000e\000l\000\040\000T\000r\000a\000i\000n\000i\000n\000g\000\040\000a\000n\000d\000\040\000S\000e\000l\000e\000c\000t\000i\000o\000n}{chapter.5}% 67
\BOOKMARK [1][-]{section.5.5}{\376\377\000H\000y\000p\000e\000r\000p\000a\000r\000a\000m\000e\000t\000e\000r\000\040\000T\000u\000n\000i\000n\000g}{chapter.5}% 68
\BOOKMARK [1][-]{section.5.6}{\376\377\000S\000o\000f\000t\000w\000a\000r\000e\000\040\000A\000r\000c\000h\000i\000t\000e\000c\000t\000u\000r\000e\000\040\000D\000e\000t\000a\000i\000l\000s}{chapter.5}% 69
\BOOKMARK [2][-]{subsection.5.6.1}{\376\377\000M\000o\000d\000u\000l\000e\000\040\000S\000t\000r\000u\000c\000t\000u\000r\000e}{section.5.6}% 70
\BOOKMARK [2][-]{subsection.5.6.2}{\376\377\000R\000E\000S\000T\000\040\000A\000P\000I\000\040\000D\000e\000s\000i\000g\000n}{section.5.6}% 71
\BOOKMARK [0][-]{chapter.6}{\376\377\000T\000e\000s\000t\000i\000n\000g\000\040\000a\000n\000d\000\040\000E\000v\000a\000l\000u\000a\000t\000i\000o\000n}{}% 72
\BOOKMARK [1][-]{section.6.1}{\376\377\000C\000o\000m\000p\000r\000e\000h\000e\000n\000s\000i\000v\000e\000\040\000T\000e\000s\000t\000i\000n\000g\000\040\000A\000p\000p\000r\000o\000a\000c\000h}{chapter.6}% 73
\BOOKMARK [2][-]{subsection.6.1.1}{\376\377\000U\000n\000i\000t\000\040\000T\000e\000s\000t\000i\000n\000g}{section.6.1}% 74
\BOOKMARK [2][-]{subsection.6.1.2}{\376\377\000I\000n\000t\000e\000g\000r\000a\000t\000i\000o\000n\000\040\000T\000e\000s\000t\000i\000n\000g}{section.6.1}% 75
\BOOKMARK [2][-]{subsection.6.1.3}{\376\377\000M\000o\000d\000e\000l\000\040\000V\000a\000l\000i\000d\000a\000t\000i\000o\000n\000\040\000T\000e\000s\000t\000i\000n\000g}{section.6.1}% 76
\BOOKMARK [2][-]{subsection.6.1.4}{\376\377\000L\000o\000a\000d\000\040\000T\000e\000s\000t\000i\000n\000g}{section.6.1}% 77
\BOOKMARK [1][-]{section.6.2}{\376\377\000E\000v\000a\000l\000u\000a\000t\000i\000o\000n\000\040\000M\000e\000t\000r\000i\000c\000s\000\040\000F\000r\000a\000m\000e\000w\000o\000r\000k}{chapter.6}% 78
\BOOKMARK [2][-]{subsection.6.2.1}{\376\377\000P\000r\000i\000m\000a\000r\000y\000\040\000M\000e\000t\000r\000i\000c\000s}{section.6.2}% 79
\BOOKMARK [2][-]{subsection.6.2.2}{\376\377\000B\000u\000s\000i\000n\000e\000s\000s\000-\000O\000r\000i\000e\000n\000t\000e\000d\000\040\000M\000e\000t\000r\000i\000c\000s}{section.6.2}% 80
\BOOKMARK [1][-]{section.6.3}{\376\377\000T\000e\000s\000t\000\040\000C\000a\000s\000e\000\040\000R\000e\000s\000u\000l\000t\000s}{chapter.6}% 81
\BOOKMARK [1][-]{section.6.4}{\376\377\000V\000i\000s\000u\000a\000l\000i\000s\000a\000t\000i\000o\000n\000s\000\040\000a\000n\000d\000\040\000A\000n\000a\000l\000y\000s\000i\000s}{chapter.6}% 82
\BOOKMARK [2][-]{subsection.6.4.1}{\376\377\000R\000O\000C\000\040\000C\000u\000r\000v\000e\000\040\000A\000n\000a\000l\000y\000s\000i\000s}{section.6.4}% 83
\BOOKMARK [2][-]{subsection.6.4.2}{\376\377\000P\000r\000e\000c\000i\000s\000i\000o\000n\040\023\000R\000e\000c\000a\000l\000l\000\040\000C\000u\000r\000v\000e}{section.6.4}% 84
\BOOKMARK [2][-]{subsection.6.4.3}{\376\377\000C\000o\000n\000f\000u\000s\000i\000o\000n\000\040\000M\000a\000t\000r\000i\000x}{section.6.4}% 85
\BOOKMARK [2][-]{subsection.6.4.4}{\376\377\000L\000i\000f\000t\000\040\000a\000n\000d\000\040\000G\000a\000i\000n\000\040\000C\000h\000a\000r\000t\000s}{section.6.4}% 86
\BOOKMARK [0][-]{chapter.7}{\376\377\000R\000e\000s\000u\000l\000t\000s\000\040\000a\000n\000d\000\040\000D\000i\000s\000c\000u\000s\000s\000i\000o\000n}{}% 87
\BOOKMARK [1][-]{section.7.1}{\376\377\000E\000x\000p\000e\000r\000i\000m\000e\000n\000t\000a\000l\000\040\000R\000e\000s\000u\000l\000t\000s\000\040\000S\000u\000m\000m\000a\000r\000y}{chapter.7}% 88
\BOOKMARK [1][-]{section.7.2}{\376\377\000F\000e\000a\000t\000u\000r\000e\000\040\000I\000m\000p\000o\000r\000t\000a\000n\000c\000e\000\040\000A\000n\000a\000l\000y\000s\000i\000s}{chapter.7}% 89
\BOOKMARK [1][-]{section.7.3}{\376\377\000B\000u\000s\000i\000n\000e\000s\000s\000\040\000I\000m\000p\000a\000c\000t\000\040\000a\000n\000d\000\040\000R\000O\000I}{chapter.7}% 90
\BOOKMARK [2][-]{subsection.7.3.1}{\376\377\000R\000e\000v\000e\000n\000u\000e\000\040\000R\000e\000t\000e\000n\000t\000i\000o\000n\000\040\000A\000n\000a\000l\000y\000s\000i\000s}{section.7.3}% 91
\BOOKMARK [2][-]{subsection.7.3.2}{\376\377\000C\000o\000m\000p\000a\000r\000i\000s\000o\000n\000\040\000w\000i\000t\000h\000\040\000B\000a\000s\000e\000l\000i\000n\000e\000\040\000S\000t\000r\000a\000t\000e\000g\000y}{section.7.3}% 92
\BOOKMARK [1][-]{section.7.4}{\376\377\000M\000o\000d\000e\000l\000\040\000P\000e\000r\000f\000o\000r\000m\000a\000n\000c\000e\000\040\000I\000n\000s\000i\000g\000h\000t\000s}{chapter.7}% 93
\BOOKMARK [2][-]{subsection.7.4.1}{\376\377\000C\000a\000l\000i\000b\000r\000a\000t\000i\000o\000n}{section.7.4}% 94
\BOOKMARK [2][-]{subsection.7.4.2}{\376\377\000T\000e\000m\000p\000o\000r\000a\000l\000\040\000S\000t\000a\000b\000i\000l\000i\000t\000y}{section.7.4}% 95
\BOOKMARK [1][-]{section.7.5}{\376\377\000L\000i\000m\000i\000t\000a\000t\000i\000o\000n\000s\000\040\000a\000n\000d\000\040\000C\000h\000a\000l\000l\000e\000n\000g\000e\000s}{chapter.7}% 96
\BOOKMARK [1][-]{section.7.6}{\376\377\000C\000o\000m\000p\000a\000r\000a\000t\000i\000v\000e\000\040\000A\000n\000a\000l\000y\000s\000i\000s}{chapter.7}% 97
\BOOKMARK [0][-]{chapter.8}{\376\377\000C\000o\000n\000c\000l\000u\000s\000i\000o\000n\000\040\000a\000n\000d\000\040\000F\000u\000t\000u\000r\000e\000\040\000W\000o\000r\000k}{}% 98
\BOOKMARK [1][-]{section.8.1}{\376\377\000S\000u\000m\000m\000a\000r\000y\000\040\000o\000f\000\040\000K\000e\000y\000\040\000F\000i\000n\000d\000i\000n\000g\000s}{chapter.8}% 99
\BOOKMARK [1][-]{section.8.2}{\376\377\000A\000c\000h\000i\000e\000v\000e\000d\000\040\000O\000b\000j\000e\000c\000t\000i\000v\000e\000s}{chapter.8}% 100
\BOOKMARK [1][-]{section.8.3}{\376\377\000C\000o\000n\000t\000r\000i\000b\000u\000t\000i\000o\000n\000s\000\040\000t\000o\000\040\000t\000h\000e\000\040\000F\000i\000e\000l\000d}{chapter.8}% 101
\BOOKMARK [1][-]{section.8.4}{\376\377\000F\000u\000t\000u\000r\000e\000\040\000W\000o\000r\000k\000\040\000a\000n\000d\000\040\000E\000n\000h\000a\000n\000c\000e\000m\000e\000n\000t\000s}{chapter.8}% 102
\BOOKMARK [2][-]{subsection.8.4.1}{\376\377\000G\000r\000a\000p\000h\000\040\000N\000e\000u\000r\000a\000l\000\040\000N\000e\000t\000w\000o\000r\000k\000s\000\040\000f\000o\000r\000\040\000S\000o\000c\000i\000a\000l\000\040\000I\000n\000f\000l\000u\000e\000n\000c\000e\000\040\000M\000o\000d\000e\000l\000l\000i\000n\000g}{section.8.4}% 103
\BOOKMARK [2][-]{subsection.8.4.2}{\376\377\000R\000e\000a\000l\000-\000T\000i\000m\000e\000\040\000S\000t\000r\000e\000a\000m\000i\000n\000g\000\040\000I\000n\000f\000e\000r\000e\000n\000c\000e}{section.8.4}% 104
\BOOKMARK [2][-]{subsection.8.4.3}{\376\377\000F\000e\000d\000e\000r\000a\000t\000e\000d\000\040\000L\000e\000a\000r\000n\000i\000n\000g}{section.8.4}% 105
\BOOKMARK [2][-]{subsection.8.4.4}{\376\377\000C\000a\000u\000s\000a\000l\000\040\000I\000n\000f\000e\000r\000e\000n\000c\000e\000\040\000f\000o\000r\000\040\000I\000n\000t\000e\000r\000v\000e\000n\000t\000i\000o\000n\000\040\000O\000p\000t\000i\000m\000i\000s\000a\000t\000i\000o\000n}{section.8.4}% 106
\BOOKMARK [2][-]{subsection.8.4.5}{\376\377\000S\000u\000r\000v\000i\000v\000a\000l\000\040\000A\000n\000a\000l\000y\000s\000i\000s\000\040\000M\000o\000d\000e\000l\000s}{section.8.4}% 107
\BOOKMARK [2][-]{subsection.8.4.6}{\376\377\000M\000u\000l\000t\000i\000-\000M\000o\000d\000a\000l\000\040\000F\000e\000a\000t\000u\000r\000e\000\040\000I\000n\000c\000o\000r\000p\000o\000r\000a\000t\000i\000o\000n}{section.8.4}% 108
\BOOKMARK [1][-]{section.8.5}{\376\377\000F\000i\000n\000a\000l\000\040\000R\000e\000m\000a\000r\000k\000s}{chapter.8}% 109
\BOOKMARK [0][-]{section*.27}{\376\377\000R\000E\000F\000E\000R\000E\000N\000C\000E\000S}{}% 110
\BOOKMARK [0][-]{appendix.a.A}{\376\377\000P\000r\000o\000j\000e\000c\000t\000\040\000T\000i\000m\000e\000l\000i\000n\000e}{}% 111
\BOOKMARK [0][-]{appendix.a.B}{\376\377\000S\000o\000u\000r\000c\000e\000s\000\040\000C\000o\000n\000s\000u\000l\000t\000e\000d}{}% 112
\BOOKMARK [0][-]{appendix.a.C}{\376\377\000T\000e\000c\000h\000n\000i\000c\000a\000l\000\040\000I\000m\000p\000l\000e\000m\000e\000n\000t\000a\000t\000i\000o\000n\000\040\000D\000e\000t\000a\000i\000l\000s}{}% 113
\BOOKMARK [1][-]{section.a.C.1}{\376\377\000E\000n\000v\000i\000r\000o\000n\000m\000e\000n\000t\000\040\000C\000o\000n\000f\000i\000g\000u\000r\000a\000t\000i\000o\000n}{appendix.a.C}% 114
\BOOKMARK [1][-]{section.a.C.2}{\376\377\000D\000o\000c\000k\000e\000r\000\040\000C\000o\000n\000f\000i\000g\000u\000r\000a\000t\000i\000o\000n}{appendix.a.C}% 115
\BOOKMARK [1][-]{section.a.C.3}{\376\377\000A\000P\000I\000\040\000R\000e\000q\000u\000e\000s\000t\000\040\000a\000n\000d\000\040\000R\000e\000s\000p\000o\000n\000s\000e\000\040\000S\000c\000h\000e\000m\000a\000s}{appendix.a.C}% 116
\BOOKMARK [0][-]{appendix.a.D}{\376\377\000S\000u\000b\000m\000i\000s\000s\000i\000o\000n\000\040\000C\000h\000e\000c\000k\000l\000i\000s\000t}{}% 117
